<?xml version="1.0" encoding="UTF-8"?>
<!-- Generated by org.testng.reporters.JUnitReportReporter -->
<testsuite skipped="0" hostname="DESKTOP-IRQCGCA" name="config.StartBrowser" tests="1" failures="0" timestamp="10 Dec 2019 00:51:50 GMT" time="2.098" errors="0">
  <testcase name="GoogleTest" time="2.098" classname="config.StartBrowser"/>
</testsuite> <!-- config.StartBrowser -->
